<?xml version="1.0" encoding="UTF-8"?>
<!-- Generated by org.testng.reporters.JUnitReportReporter -->
<testsuite hostname="DESKTOP-VGCFTBT" failures="0" tests="1" name="com.Equarz.Testcases.LoginTest" time="19.510" errors="0" timestamp="2023-09-14T13:22:07 IST" skipped="0">
  <testcase classname="com.Equarz.Testcases.LoginTest" name="verifylogin" time="19.510"/>
</testsuite> <!-- com.Equarz.Testcases.LoginTest -->
